TicTacToeUnity/Library/Bee/Android/Prj/Mono2x/Gradle/unityLibrary/build/intermediates/manifest_merge_blame_file/release/manifest-merger-blame-release-report.txt
1<?xml version="1.0" encoding="utf-8"?>
2<manifest xmlns:android="http://schemas.android.com/apk/res/android"
3    xmlns:tools="http://schemas.android.com/tools"
4    package="com.unity3d.player"
5    android:versionCode="1"
6    android:versionName="1.0" >
7
8    <uses-sdk
9        android:minSdkVersion="22"
9-->src\main\AndroidManifest.xml
10        android:targetSdkVersion="30" />
10-->src\main\AndroidManifest.xml
11
12    <uses-feature android:glEsVersion="0x00020000" />
12-->src\main\AndroidManifest.xml:20:3-52
12-->src\main\AndroidManifest.xml:20:17-49
13
14    <uses-permission android:name="android.permission.INTERNET" />
14-->src\main\AndroidManifest.xml:21:3-65
14-->src\main\AndroidManifest.xml:21:20-62
15    <uses-permission android:name="android.permission.ACCESS_NETWORK_STATE" />
15-->src\main\AndroidManifest.xml:22:3-77
15-->src\main\AndroidManifest.xml:22:20-74
16
17    <uses-feature
17-->src\main\AndroidManifest.xml:23:3-88
18        android:name="android.hardware.touchscreen"
18-->src\main\AndroidManifest.xml:23:17-60
19        android:required="false" />
19-->src\main\AndroidManifest.xml:23:61-85
20    <uses-feature
20-->src\main\AndroidManifest.xml:24:3-99
21        android:name="android.hardware.touchscreen.multitouch"
21-->src\main\AndroidManifest.xml:24:17-71
22        android:required="false" />
22-->src\main\AndroidManifest.xml:24:72-96
23    <uses-feature
23-->src\main\AndroidManifest.xml:25:3-108
24        android:name="android.hardware.touchscreen.multitouch.distinct"
24-->src\main\AndroidManifest.xml:25:17-80
25        android:required="false" />
25-->src\main\AndroidManifest.xml:25:81-105
26
27    <application
27-->src\main\AndroidManifest.xml:3:3-19:17
28        android:extractNativeLibs="true"
28-->src\main\AndroidManifest.xml:3:16-48
29        android:isGame="true" >
29-->src\main\AndroidManifest.xml:3:49-70
30        <activity
30-->src\main\AndroidManifest.xml:4:5-13:16
31            android:name="com.unity3d.player.UnityPlayerActivity"
31-->src\main\AndroidManifest.xml:4:15-68
32            android:configChanges="mcc|mnc|locale|touchscreen|keyboard|keyboardHidden|navigation|orientation|screenLayout|uiMode|screenSize|smallestScreenSize|fontScale|layoutDirection|density"
32-->src\main\AndroidManifest.xml:4:188-369
33            android:hardwareAccelerated="false"
33-->src\main\AndroidManifest.xml:4:405-440
34            android:launchMode="singleTask"
34-->src\main\AndroidManifest.xml:4:156-187
35            android:resizeableActivity="false"
35-->src\main\AndroidManifest.xml:4:370-404
36            android:screenOrientation="reverseLandscape"
36-->src\main\AndroidManifest.xml:4:111-155
37            android:theme="@style/UnityThemeSelector" >
37-->src\main\AndroidManifest.xml:4:69-110
38            <intent-filter>
38-->src\main\AndroidManifest.xml:5:7-9:23
39                <action android:name="android.intent.action.MAIN" />
39-->src\main\AndroidManifest.xml:6:9-61
39-->src\main\AndroidManifest.xml:6:17-58
40
41                <category android:name="android.intent.category.LAUNCHER" />
41-->src\main\AndroidManifest.xml:7:9-69
41-->src\main\AndroidManifest.xml:7:19-66
42                <category android:name="android.intent.category.LEANBACK_LAUNCHER" />
42-->src\main\AndroidManifest.xml:8:9-78
42-->src\main\AndroidManifest.xml:8:19-75
43            </intent-filter>
44
45            <meta-data
45-->src\main\AndroidManifest.xml:10:7-82
46                android:name="unityplayer.UnityActivity"
46-->src\main\AndroidManifest.xml:10:18-58
47                android:value="true" />
47-->src\main\AndroidManifest.xml:10:59-79
48
49            <layout
49-->src\main\AndroidManifest.xml:11:7-129
50                android:defaultHeight="1080px"
50-->src\main\AndroidManifest.xml:11:15-45
51                android:defaultWidth="1920px"
51-->src\main\AndroidManifest.xml:11:46-75
52                android:minHeight="300px"
52-->src\main\AndroidManifest.xml:11:76-101
53                android:minWidth="400px" />
53-->src\main\AndroidManifest.xml:11:102-126
54
55            <meta-data
55-->src\main\AndroidManifest.xml:12:7-78
56                android:name="android.notch_support"
56-->src\main\AndroidManifest.xml:12:18-54
57                android:value="true" />
57-->src\main\AndroidManifest.xml:12:55-75
58        </activity>
59
60        <meta-data
60-->src\main\AndroidManifest.xml:14:5-69
61            android:name="unity.splash-mode"
61-->src\main\AndroidManifest.xml:14:16-48
62            android:value="0" />
62-->src\main\AndroidManifest.xml:14:49-66
63        <meta-data
63-->src\main\AndroidManifest.xml:15:5-74
64            android:name="unity.splash-enable"
64-->src\main\AndroidManifest.xml:15:16-50
65            android:value="True" />
65-->src\main\AndroidManifest.xml:15:51-71
66        <meta-data
66-->src\main\AndroidManifest.xml:16:5-78
67            android:name="unity.launch-fullscreen"
67-->src\main\AndroidManifest.xml:16:16-54
68            android:value="True" />
68-->src\main\AndroidManifest.xml:16:55-75
69        <meta-data
69-->src\main\AndroidManifest.xml:17:5-84
70            android:name="unity.allow-resizable-window"
70-->src\main\AndroidManifest.xml:17:16-59
71            android:value="False" />
71-->src\main\AndroidManifest.xml:17:60-81
72        <meta-data
72-->src\main\AndroidManifest.xml:18:5-81
73            android:name="notch.config"
73-->src\main\AndroidManifest.xml:18:16-43
74            android:value="portrait|landscape" />
74-->src\main\AndroidManifest.xml:18:44-78
75    </application>
76
77</manifest>